<?xml version="1.0" encoding="utf-8" standalone="no"?>
<test-results xmlns:xsi="http://www.w3.org/2001/XMLSchema-instance" xsi:noNamespaceSchemaLocation="nunit_schema_2.5.xsd" name="Pester" total="8" errors="0" failures="0" not-run="57" inconclusive="0" ignored="0" skipped="0" invalid="0" date="2025-01-04" time="20:42:38">
  <environment clr-version="4.0.30319.42000" user-domain="POWERSHELL" cwd="E:\cu-lab" platform="Microsoft Windows 11 Pro|C:\WINDOWS|\Device\Harddisk1\Partition3" machine-name="POWERSHELL" nunit-version="2.5.8.0" os-version="10.0.26120" user="Isaiah Duarte" />
  <culture-info current-culture="en-US" current-uiculture="en-US" />
  <test-suite type="TestFixture" name="Pester" executed="True" result="Success" success="True" time="19.5418" asserts="0" description="Pester">
    <results>
      <test-suite type="TestFixture" name="D:\OneDrive\PFiles\Documents\WindowsPowerShell\Modules\AutomatedLabTest\5.55.0\tests\00General.tests.ps1" executed="True" result="Success" success="True" time="0.2453" asserts="0" description="D:\OneDrive\PFiles\Documents\WindowsPowerShell\Modules\AutomatedLabTest\5.55.0\tests\00General.tests.ps1">
        <results>
          <test-suite type="TestFixture" name="[culab] General" executed="True" result="Success" success="True" time="0.1206" asserts="0" description="[culab] General">
            <results>
              <test-suite type="TestFixture" name="[culab] General.Lab deployment successful" executed="True" result="Success" success="True" time="0.1166" asserts="0" description="[culab] General.Lab deployment successful">
                <results>
                  <test-suite type="ParameterizedTest" name="[culab] General.Lab deployment successful.[&lt;LabName&gt;] Should return the correct amount of machines" executed="True" result="Success" success="True" time="0.1126" asserts="0" description="[&lt;LabName&gt;] Should return the correct amount of machines">
                    <results>
                      <test-case description="[culab] Should return the correct amount of machines" name="[culab] General.Lab deployment successful.[culab] Should return the correct amount of machines" time="0.1126" asserts="0" success="True" result="Success" executed="True" />
                    </results>
                  </test-suite>
                </results>
              </test-suite>
            </results>
          </test-suite>
        </results>
      </test-suite>
      <test-suite type="TestFixture" name="D:\OneDrive\PFiles\Documents\WindowsPowerShell\Modules\AutomatedLabTest\5.55.0\tests\RootDC.tests.ps1" executed="True" result="Success" success="True" time="2.9679" asserts="0" description="D:\OneDrive\PFiles\Documents\WindowsPowerShell\Modules\AutomatedLabTest\5.55.0\tests\RootDC.tests.ps1">
        <results>
          <test-suite type="TestFixture" name="[culab] DC Generic" executed="True" result="Success" success="True" time="2.286" asserts="0" description="[culab] DC Generic">
            <results>
              <test-suite type="TestFixture" name="[culab] DC Generic.Role deployment successful" executed="True" result="Success" success="True" time="2.2819" asserts="0" description="[culab] DC Generic.Role deployment successful">
                <results>
                  <test-case description="[RootDC] Should return the correct amount of machines" name="[culab] DC Generic.Role deployment successful.[RootDC] Should return the correct amount of machines" time="0.0363" asserts="0" success="True" result="Success" executed="True" />
                  <test-suite type="ParameterizedTest" name="[culab] DC Generic.Role deployment successful.Monitor should have ADWS running" executed="True" result="Success" success="True" time="0.3525" asserts="0" description="Monitor should have ADWS running">
                    <results>
                      <test-case description="Monitor should have ADWS running" name="[culab] DC Generic.Role deployment successful.Monitor should have ADWS running(Monitor)" time="0.3525" asserts="0" success="True" result="Success" executed="True" />
                    </results>
                  </test-suite>
                  <test-suite type="ParameterizedTest" name="[culab] DC Generic.Role deployment successful.Monitor should respond to ADWS calls" executed="True" result="Success" success="True" time="1.8884" asserts="0" description="Monitor should respond to ADWS calls">
                    <results>
                      <test-case description="Monitor should respond to ADWS calls" name="[culab] DC Generic.Role deployment successful.Monitor should respond to ADWS calls(Monitor)" time="1.8884" asserts="0" success="True" result="Success" executed="True" />
                    </results>
                  </test-suite>
                </results>
              </test-suite>
            </results>
          </test-suite>
          <test-suite type="TestFixture" name="[culab] RootDC specific" executed="True" result="Success" success="True" time="2.8212" asserts="0" description="[culab] RootDC specific">
            <results>
              <test-suite type="ParameterizedTest" name="[culab] RootDC specific.Monitor should hold PDC emulator FSMO role" executed="True" result="Success" success="True" time="0.5316" asserts="0" description="Monitor should hold PDC emulator FSMO role">
                <results>
                  <test-case description="Monitor should hold PDC emulator FSMO role" name="[culab] RootDC specific.Monitor should hold PDC emulator FSMO role(Monitor)" time="0.5316" asserts="0" success="True" result="Success" executed="True" />
                </results>
              </test-suite>
            </results>
          </test-suite>
        </results>
      </test-suite>
      <test-suite type="TestFixture" name="D:\OneDrive\PFiles\Documents\WindowsPowerShell\Modules\AutomatedLabTest\5.55.0\tests\Routing.tests.ps1" executed="True" result="Success" success="True" time="13.0931" asserts="0" description="D:\OneDrive\PFiles\Documents\WindowsPowerShell\Modules\AutomatedLabTest\5.55.0\tests\Routing.tests.ps1">
        <results>
          <test-suite type="TestFixture" name="[culab] Routing" executed="True" result="Success" success="True" time="12.9959" asserts="0" description="[culab] Routing">
            <results>
              <test-suite type="TestFixture" name="[culab] Routing.Role deployment successful" executed="True" result="Success" success="True" time="12.9929" asserts="0" description="[culab] Routing.Role deployment successful">
                <results>
                  <test-case description="[Routing] Should return the correct amount of machines" name="[culab] Routing.Role deployment successful.[Routing] Should return the correct amount of machines" time="0.0353" asserts="0" success="True" result="Success" executed="True" />
                  <test-suite type="ParameterizedTest" name="[culab] Routing.Role deployment successful.[Monitor] Should have Routing feature installed" executed="True" result="Success" success="True" time="7.0314" asserts="0" description="[Monitor] Should have Routing feature installed">
                    <results>
                      <test-case description="[Monitor] Should have Routing feature installed" name="[culab] Routing.Role deployment successful.[Monitor] Should have Routing feature installed(Monitor)" time="7.0314" asserts="0" success="True" result="Success" executed="True" />
                    </results>
                  </test-suite>
                  <test-suite type="ParameterizedTest" name="[culab] Routing.Role deployment successful.[Monitor] Should be connected to the internet" executed="True" result="Success" success="True" time="5.9227" asserts="0" description="[Monitor] Should be connected to the internet">
                    <results>
                      <test-case description="[Monitor] Should be connected to the internet" name="[culab] Routing.Role deployment successful.[Monitor] Should be connected to the internet(Monitor)" time="5.9227" asserts="0" success="True" result="Success" executed="True" />
                    </results>
                  </test-suite>
                </results>
              </test-suite>
            </results>
          </test-suite>
        </results>
      </test-suite>
    </results>
  </test-suite>
</test-results>